{
  "uid" : "c16f98b47e6c8f35",
  "name" : "Update user's avatar",
  "fullName" : "tests.test_avatars.TestAvatars#test_update_user_avatar",
  "historyId" : "adc8a76095bb3554fb51d924cb791563",
  "time" : {
    "start" : 1733298975951,
    "stop" : 1733298975951,
    "duration" : 0
  },
  "status" : "failed",
  "statusMessage" : "AssertionError: assert 401 == 205\n +  where 401 = <Response [401]>.status_code",
  "statusTrace" : "@pytest.fixture(autouse=True, scope=\"session\")\n    def init_environment():\n        response = requests.post(\n            url=f\"{HOST}/setup\",\n            headers={\"Authorization\": f\"Bearer {os.getenv('API_TOKEN')}\"}\n        )\n>       assert response.status_code == 205\nE       assert 401 == 205\nE        +  where 401 = <Response [401]>.status_code\n\nconftest.py:19: AssertionError",
  "flaky" : false,
  "newFailed" : false,
  "beforeStages" : [ {
    "name" : "init_environment",
    "time" : {
      "start" : 1733298975955,
      "stop" : 1733298977017,
      "duration" : 1062
    },
    "status" : "failed",
    "statusMessage" : "AssertionError: assert 401 == 205\n +  where 401 = <Response [401]>.status_code\n",
    "statusTrace" : "  File \"/usr/local/lib/python3.10/site-packages/pluggy/_callers.py\", line 167, in _multicall\n    teardown.throw(outcome._exception)\n  File \"/usr/local/lib/python3.10/site-packages/_pytest/setuponly.py\", line 36, in pytest_fixture_setup\n    return (yield)\n  File \"/usr/local/lib/python3.10/site-packages/pluggy/_callers.py\", line 103, in _multicall\n    res = hook_impl.function(*args)\n  File \"/usr/local/lib/python3.10/site-packages/_pytest/fixtures.py\", line 1140, in pytest_fixture_setup\n    result = call_fixture_func(fixturefunc, request, kwargs)\n  File \"/usr/local/lib/python3.10/site-packages/_pytest/fixtures.py\", line 898, in call_fixture_func\n    fixture_result = fixturefunc(**kwargs)\n  File \"/usr/workspace/conftest.py\", line 19, in init_environment\n    assert response.status_code == 205\n",
    "steps" : [ ],
    "attachments" : [ ],
    "parameters" : [ ],
    "attachmentsCount" : 0,
    "shouldDisplayMessage" : true,
    "stepsCount" : 0,
    "hasContent" : true
  }, {
    "name" : "_session_faker",
    "time" : {
      "start" : 1733298975951,
      "stop" : 1733298975954,
      "duration" : 3
    },
    "status" : "passed",
    "steps" : [ ],
    "attachments" : [ ],
    "parameters" : [ ],
    "attachmentsCount" : 0,
    "shouldDisplayMessage" : false,
    "stepsCount" : 0,
    "hasContent" : false
  } ],
  "afterStages" : [ ],
  "labels" : [ {
    "name" : "feature",
    "value" : "Avatars"
  }, {
    "name" : "epic",
    "value" : "Users Avatars"
  }, {
    "name" : "tag",
    "value" : "avatar"
  }, {
    "name" : "parentSuite",
    "value" : "tests"
  }, {
    "name" : "suite",
    "value" : "test_avatars"
  }, {
    "name" : "subSuite",
    "value" : "TestAvatars"
  }, {
    "name" : "host",
    "value" : "15b7d9bab8cc"
  }, {
    "name" : "thread",
    "value" : "1-MainThread"
  }, {
    "name" : "framework",
    "value" : "pytest"
  }, {
    "name" : "language",
    "value" : "cpython3"
  }, {
    "name" : "package",
    "value" : "tests.test_avatars"
  }, {
    "name" : "resultFormat",
    "value" : "allure2"
  } ],
  "parameters" : [ ],
  "links" : [ ],
  "hidden" : false,
  "retry" : false,
  "extra" : {
    "severity" : "normal",
    "retries" : [ {
      "uid" : "ccd164259775370d",
      "status" : "broken",
      "statusDetails" : "requests.exceptions.JSONDecodeError: Expecting value: line 1 column 1 (char 0)",
      "time" : {
        "start" : 1733298965875,
        "stop" : 1733298967792,
        "duration" : 1917
      }
    } ],
    "categories" : [ {
      "name" : "Product defects",
      "matchedStatuses" : [ ],
      "flaky" : false
    } ],
    "history" : {
      "statistic" : {
        "failed" : 1,
        "broken" : 3,
        "skipped" : 0,
        "passed" : 0,
        "unknown" : 0,
        "total" : 4
      },
      "items" : [ {
        "uid" : "f0254b4f26aedaa",
        "status" : "broken",
        "statusDetails" : "requests.exceptions.JSONDecodeError: Expecting value: line 1 column 1 (char 0)",
        "time" : {
          "start" : 1733298073628,
          "stop" : 1733298075944,
          "duration" : 2316
        }
      }, {
        "uid" : "c30da46114d0d170",
        "status" : "broken",
        "statusDetails" : "requests.exceptions.JSONDecodeError: Expecting value: line 1 column 1 (char 0)",
        "time" : {
          "start" : 1733297610223,
          "stop" : 1733297612421,
          "duration" : 2198
        }
      }, {
        "uid" : "db4883b8b8bbc00",
        "status" : "broken",
        "statusDetails" : "requests.exceptions.JSONDecodeError: Expecting value: line 1 column 1 (char 0)",
        "time" : {
          "start" : 1733296867491,
          "stop" : 1733296869886,
          "duration" : 2395
        }
      } ]
    },
    "tags" : [ "avatar" ]
  },
  "source" : "c16f98b47e6c8f35.json",
  "parameterValues" : [ ]
}