{
  "uid" : "fd28a29151bdfd8",
  "name" : "Create a new order",
  "fullName" : "tests.test_orders.TestOrders#test_create_a_new_order",
  "historyId" : "9ed851cf7e16acf40c3dc6a85980fbda",
  "time" : {
    "start" : 1733298977062,
    "stop" : 1733298977062,
    "duration" : 0
  },
  "status" : "failed",
  "statusMessage" : "AssertionError: assert 401 == 205\n +  where 401 = <Response [401]>.status_code",
  "statusTrace" : "@pytest.fixture(autouse=True, scope=\"session\")\n    def init_environment():\n        response = requests.post(\n            url=f\"{HOST}/setup\",\n            headers={\"Authorization\": f\"Bearer {os.getenv('API_TOKEN')}\"}\n        )\n>       assert response.status_code == 205\nE       assert 401 == 205\nE        +  where 401 = <Response [401]>.status_code\n\nconftest.py:19: AssertionError",
  "flaky" : false,
  "newFailed" : false,
  "beforeStages" : [ {
    "name" : "init_environment",
    "time" : {
      "start" : 1733298975955,
      "stop" : 1733298977017,
      "duration" : 1062
    },
    "status" : "failed",
    "statusMessage" : "AssertionError: assert 401 == 205\n +  where 401 = <Response [401]>.status_code\n",
    "statusTrace" : "  File \"/usr/local/lib/python3.10/site-packages/pluggy/_callers.py\", line 167, in _multicall\n    teardown.throw(outcome._exception)\n  File \"/usr/local/lib/python3.10/site-packages/_pytest/setuponly.py\", line 36, in pytest_fixture_setup\n    return (yield)\n  File \"/usr/local/lib/python3.10/site-packages/pluggy/_callers.py\", line 103, in _multicall\n    res = hook_impl.function(*args)\n  File \"/usr/local/lib/python3.10/site-packages/_pytest/fixtures.py\", line 1140, in pytest_fixture_setup\n    result = call_fixture_func(fixturefunc, request, kwargs)\n  File \"/usr/local/lib/python3.10/site-packages/_pytest/fixtures.py\", line 898, in call_fixture_func\n    fixture_result = fixturefunc(**kwargs)\n  File \"/usr/workspace/conftest.py\", line 19, in init_environment\n    assert response.status_code == 205\n",
    "steps" : [ ],
    "attachments" : [ ],
    "parameters" : [ ],
    "attachmentsCount" : 0,
    "shouldDisplayMessage" : true,
    "stepsCount" : 0,
    "hasContent" : true
  }, {
    "name" : "_session_faker",
    "time" : {
      "start" : 1733298975951,
      "stop" : 1733298975954,
      "duration" : 3
    },
    "status" : "passed",
    "steps" : [ ],
    "attachments" : [ ],
    "parameters" : [ ],
    "attachmentsCount" : 0,
    "shouldDisplayMessage" : false,
    "stepsCount" : 0,
    "hasContent" : false
  } ],
  "afterStages" : [ ],
  "labels" : [ {
    "name" : "feature",
    "value" : "Orders"
  }, {
    "name" : "epic",
    "value" : "Users Orders"
  }, {
    "name" : "tag",
    "value" : "order"
  }, {
    "name" : "parentSuite",
    "value" : "tests"
  }, {
    "name" : "suite",
    "value" : "test_orders"
  }, {
    "name" : "subSuite",
    "value" : "TestOrders"
  }, {
    "name" : "host",
    "value" : "15b7d9bab8cc"
  }, {
    "name" : "thread",
    "value" : "1-MainThread"
  }, {
    "name" : "framework",
    "value" : "pytest"
  }, {
    "name" : "language",
    "value" : "cpython3"
  }, {
    "name" : "package",
    "value" : "tests.test_orders"
  }, {
    "name" : "resultFormat",
    "value" : "allure2"
  } ],
  "parameters" : [ ],
  "links" : [ ],
  "hidden" : false,
  "retry" : false,
  "extra" : {
    "severity" : "normal",
    "retries" : [ {
      "uid" : "cd1edad74595064c",
      "status" : "broken",
      "statusDetails" : "requests.exceptions.JSONDecodeError: Expecting value: line 1 column 1 (char 0)",
      "time" : {
        "start" : 1733298967876,
        "stop" : 1733298969448,
        "duration" : 1572
      }
    } ],
    "categories" : [ {
      "name" : "Product defects",
      "matchedStatuses" : [ ],
      "flaky" : false
    } ],
    "history" : {
      "statistic" : {
        "failed" : 1,
        "broken" : 3,
        "skipped" : 0,
        "passed" : 0,
        "unknown" : 0,
        "total" : 4
      },
      "items" : [ {
        "uid" : "4801152316ea69fc",
        "status" : "broken",
        "statusDetails" : "requests.exceptions.JSONDecodeError: Expecting value: line 1 column 1 (char 0)",
        "time" : {
          "start" : 1733298076026,
          "stop" : 1733298077616,
          "duration" : 1590
        }
      }, {
        "uid" : "a4548fb030eab1e4",
        "status" : "broken",
        "statusDetails" : "requests.exceptions.JSONDecodeError: Expecting value: line 1 column 1 (char 0)",
        "time" : {
          "start" : 1733297612502,
          "stop" : 1733297613917,
          "duration" : 1415
        }
      }, {
        "uid" : "4f9d7a2af028117c",
        "status" : "broken",
        "statusDetails" : "requests.exceptions.JSONDecodeError: Expecting value: line 1 column 1 (char 0)",
        "time" : {
          "start" : 1733296869965,
          "stop" : 1733296871557,
          "duration" : 1592
        }
      } ]
    },
    "tags" : [ "order" ]
  },
  "source" : "fd28a29151bdfd8.json",
  "parameterValues" : [ ]
}